<?xml version="1.0" encoding="UTF-8"?>
<!-- Generated by org.testng.reporters.JUnitXMLReporter -->
<testsuite hostname="Raghavareddy" ignored="0" name="Test" tests="1" failures="1" timestamp="01 Apr 2019 18:04:47 GMT" time="84.269" errors="0">
  <testcase name="basePageNavigation" time="2.714" classname="Academy.validateTitle">
    <failure type="junit.framework.ComparisonFailure" message="expected:&amp;lt;......&amp;gt; but was:&amp;lt;...23...&amp;gt;">
      <![CDATA[junit.framework.ComparisonFailure: expected:<......> but was:<...23...>
at junit.framework.Assert.assertEquals(Assert.java:81)
at junit.framework.Assert.assertEquals(Assert.java:87)
at Academy.validateTitle.basePageNavigation(validateTitle.java:33)
... Removed 25 stack frames]]>
    </failure>
  </testcase> <!-- basePageNavigation -->
</testsuite> <!-- Test -->
